<?xml version="1.0" encoding="utf-8"?>
<test-run id="2" testcasecount="1176" result="Failed(Child)" total="1176" passed="1166" failed="10" inconclusive="0" skipped="0" asserts="0" engine-version="3.5.0.0" clr-version="4.0.30319.42000" start-time="2026-04-13 15:45:17Z" end-time="2026-04-13 15:45:27Z" duration="9,7971554">
  <test-suite type="TestSuite" id="2530" name="moyva_project" fullname="moyva_project" runstate="Runnable" testcasecount="1176" result="Failed" site="Child" start-time="2026-04-13 15:45:17Z" end-time="2026-04-13 15:45:27Z" duration="9.797155" total="1176" passed="1166" failed="10" inconclusive="0" skipped="0" asserts="0">
    <properties>
      <property name="platform" value="EditMode" />
    </properties>
    <failure>
      <message><![CDATA[One or more child tests had errors]]></message>
    </failure>
    <test-suite type="Assembly" id="1011" name="Kruty1918.Moyva.Tests.BotAI.dll" fullname="/home/oleks/moyva/Library/ScriptAssemblies/Kruty1918.Moyva.Tests.BotAI.dll" runstate="Runnable" testcasecount="8" result="Passed" start-time="2026-04-13 15:45:17Z" end-time="2026-04-13 15:45:17Z" duration="0.185997" total="8" passed="8" failed="0" inconclusive="0" skipped="0" asserts="0">
      <properties>
        <property name="_PID" value="14038" />
        <property name="_APPDOMAIN" value="Unity Child Domain" />
        <property name="platform" value="EditMode" />
        <property name="EditorOnly" value="True" />
      </properties>
      <test-suite type="TestSuite" id="1012" name="Kruty1918" fullname="Kruty1918" runstate="Runnable" testcasecount="8" result="Passed" start-time="2026-04-13 15:45:17Z" end-time="2026-04-13 15:45:17Z" duration="0.184846" total="8" passed="8" failed="0" inconclusive="0" skipped="0" asserts="0">
        <properties />
        <test-suite type="TestSuite" id="1013" name="Moyva" fullname="Kruty1918.Moyva" runstate="Runnable" testcasecount="8" result="Passed" start-time="2026-04-13 15:45:17Z" end-time="2026-04-13 15:45:17Z" duration="0.184212" total="8" passed="8" failed="0" inconclusive="0" skipped="0" asserts="0">
          <properties />
          <test-suite type="TestSuite" id="1014" name="Tests" fullname="Kruty1918.Moyva.Tests" runstate="Runnable" testcasecount="8" result="Passed" start-time="2026-04-13 15:45:17Z" end-time="2026-04-13 15:45:17Z" duration="0.183611" total="8" passed="8" failed="0" inconclusive="0" skipped="0" asserts="0">
            <properties />
            <test-suite type="TestSuite" id="1015" name="BotAI" fullname="Kruty1918.Moyva.Tests.BotAI" runstate="Runnable" testcasecount="8" result="Passed" start-time="2026-04-13 15:45:17Z" end-time="2026-04-13 15:45:17Z" duration="0.182995" total="8" passed="8" failed="0" inconclusive="0" skipped="0" asserts="0">
              <properties />
              <test-suite type="TestFixture" id="1001" name="BotBrainFsmTests" fullname="Kruty1918.Moyva.Tests.BotAI.BotBrainFsmTests" classname="Kruty1918.Moyva.Tests.BotAI.BotBrainFsmTests" runstate="Runnable" testcasecount="4" result="Passed" start-time="2026-04-13 15:45:17Z" end-time="2026-04-13 15:45:17Z" duration="0.101885" total="4" passed="4" failed="0" inconclusive="0" skipped="0" asserts="0">
                <properties />
                <test-case id="1004" name="WhenEnoughUnits_TransitionsToAttacking" fullname="Kruty1918.Moyva.Tests.BotAI.BotBrainFsmTests.WhenEnoughUnits_TransitionsToAttacking" methodname="WhenEnoughUnits_TransitionsToAttacking" classname="Kruty1918.Moyva.Tests.BotAI.BotBrainFsmTests" runstate="Runnable" seed="593664762" result="Passed" start-time="2026-04-13 15:45:17Z" end-time="2026-04-13 15:45:17Z" duration="0.069616" asserts="0">
                  <properties>
                    <property name="retryIteration" value="0" />
                    <property name="repeatIteration" value="0" />
                  </properties>
                  <output><![CDATA[[BotBrain:bot_1] → Expanding
[BotBrain:bot_1] → Attacking (3 юнітів)
]]></output>
                </test-case>
                <test-case id="1005" name="WhenFewUnits_TransitionsToDefending" fullname="Kruty1918.Moyva.Tests.BotAI.BotBrainFsmTests.WhenFewUnits_TransitionsToDefending" methodname="WhenFewUnits_TransitionsToDefending" classname="Kruty1918.Moyva.Tests.BotAI.BotBrainFsmTests" runstate="Runnable" seed="1068567152" result="Passed" start-time="2026-04-13 15:45:17Z" end-time="2026-04-13 15:45:17Z" duration="0.003253" asserts="0">
                  <properties>
                    <property name="retryIteration" value="0" />
                    <property name="repeatIteration" value="0" />
                  </properties>
                  <output><![CDATA[[BotBrain:bot_1] → Expanding
[BotBrain:bot_1] → Attacking (3 юнітів)
[BotBrain:bot_1] → Defending (0 юнітів)
]]></output>
                </test-case>
                <test-case id="1002" name="WhenNoUnits_StartsInIdle" fullname="Kruty1918.Moyva.Tests.BotAI.BotBrainFsmTests.WhenNoUnits_StartsInIdle" methodname="WhenNoUnits_StartsInIdle" classname="Kruty1918.Moyva.Tests.BotAI.BotBrainFsmTests" runstate="Runnable" seed="337454166" result="Passed" start-time="2026-04-13 15:45:17Z" end-time="2026-04-13 15:45:17Z" duration="0.000385" asserts="0">
                  <properties>
                    <property name="retryIteration" value="0" />
                    <property name="repeatIteration" value="0" />
                  </properties>
                </test-case>
                <test-case id="1003" name="WhenNoUnits_TickTransitionsToExpanding" fullname="Kruty1918.Moyva.Tests.BotAI.BotBrainFsmTests.WhenNoUnits_TickTransitionsToExpanding" methodname="WhenNoUnits_TickTransitionsToExpanding" classname="Kruty1918.Moyva.Tests.BotAI.BotBrainFsmTests" runstate="Runnable" seed="1433876531" result="Passed" start-time="2026-04-13 15:45:17Z" end-time="2026-04-13 15:45:17Z" duration="0.001161" asserts="0">
                  <properties>
                    <property name="retryIteration" value="0" />
                    <property name="repeatIteration" value="0" />
                  </properties>
                  <output><![CDATA[[BotBrain:bot_1] → Expanding
]]></output>
                </test-case>
              </test-suite>
              <test-suite type="TestFixture" id="1006" name="BotBrainTests" fullname="Kruty1918.Moyva.Tests.BotAI.BotBrainTests" classname="Kruty1918.Moyva.Tests.BotAI.BotBrainTests" runstate="Runnable" testcasecount="4" result="Passed" start-time="2026-04-13 15:45:17Z" end-time="2026-04-13 15:45:17Z" duration="0.078968" total="4" passed="4" failed="0" inconclusive="0" skipped="0" asserts="0">
                <properties />
                <test-case id="1010" name="Tick_BaseGuards_AreNotSentToAttack" fullname="Kruty1918.Moyva.Tests.BotAI.BotBrainTests.Tick_BaseGuards_AreNotSentToAttack" methodname="Tick_BaseGuards_AreNotSentToAttack" classname="Kruty1918.Moyva.Tests.BotAI.BotBrainTests" runstate="Runnable" seed="776880588" result="Passed" start-time="2026-04-13 15:45:17Z" end-time="2026-04-13 15:45:17Z" duration="0.035493" asserts="0">
                  <properties>
                    <property name="retryIteration" value="0" />
                    <property name="repeatIteration" value="0" />
                  </properties>
                  <output><![CDATA[[BotBrain:bot1] → Expanding
[BotBrain:bot1] → Attacking (3 юнітів)
]]></output>
                </test-case>
                <test-case id="1009" name="Tick_WhenEnemyInFog_DoesNotAttack" fullname="Kruty1918.Moyva.Tests.BotAI.BotBrainTests.Tick_WhenEnemyInFog_DoesNotAttack" methodname="Tick_WhenEnemyInFog_DoesNotAttack" classname="Kruty1918.Moyva.Tests.BotAI.BotBrainTests" runstate="Runnable" seed="1695766918" result="Passed" start-time="2026-04-13 15:45:17Z" end-time="2026-04-13 15:45:17Z" duration="0.011036" asserts="0">
                  <properties>
                    <property name="retryIteration" value="0" />
                    <property name="repeatIteration" value="0" />
                  </properties>
                  <output><![CDATA[[BotBrain:bot1] → Expanding
[BotBrain:bot1] → Attacking (2 юнітів)
]]></output>
                </test-case>
                <test-case id="1007" name="Tick_WhenNoUnits_SpawnsUnit" fullname="Kruty1918.Moyva.Tests.BotAI.BotBrainTests.Tick_WhenNoUnits_SpawnsUnit" methodname="Tick_WhenNoUnits_SpawnsUnit" classname="Kruty1918.Moyva.Tests.BotAI.BotBrainTests" runstate="Runnable" seed="1560498991" result="Passed" start-time="2026-04-13 15:45:17Z" end-time="2026-04-13 15:45:17Z" duration="0.003471" asserts="0">
                  <properties>
                    <property name="retryIteration" value="0" />
                    <property name="repeatIteration" value="0" />
                  </properties>
                  <output><![CDATA[[BotBrain:bot1] → Expanding
[BotBrain:bot1] Spawned unit 'warrior_1' at (5, 5).
]]></output>
                </test-case>
                <test-case id="1008" name="Tick_WhenVisibleEnemyInRange_IssuesMoveOrder" fullname="Kruty1918.Moyva.Tests.BotAI.BotBrainTests.Tick_WhenVisibleEnemyInRange_IssuesMoveOrder" methodname="Tick_WhenVisibleEnemyInRange_IssuesMoveOrder" classname="Kruty1918.Moyva.Tests.BotAI.BotBrainTests" runstate="Runnable" seed="323712155" result="Passed" start-time="2026-04-13 15:45:17Z" end-time="2026-04-13 15:45:17Z" duration="0.004601" asserts="0">
                  <properties>
                    <property name="retryIteration" value="0" />
                    <property name="repeatIteration" value="0" />
                  </properties>
                  <output><![CDATA[[BotBrain:bot1] → Expanding
[BotBrain:bot1] → Attacking (2 юнітів)
]]></output>
                </test-case>
              </test-suite>
            </test-suite>
          </test-suite>
        </test-suite>
      </test-suite>
    </test-suite>
    <test-suite type="Assembly" id="1077" name="Kruty1918.Moyva.Tests.Calendar.dll" fullname="/home/oleks/moyva/Library/ScriptAssemblies/Kruty1918.Moyva.Tests.Calendar.dll" runstate="Runnable" testcasecount="55" result="Passed" start-time="2026-04-13 15:45:17Z" end-time="2026-04-13 15:45:17Z" duration="0.165053" total="55" passed="55" failed="0" inconclusive="0" skipped="0" asserts="0">
      <properties>
        <property name="_PID" value="14038" />
        <property name="_APPDOMAIN" value="Unity Child Domain" />
        <property name="platform" value="EditMode" />
        <property name="EditorOnly" value="True" />
      </properties>
      <test-suite type="TestSuite" id="1078" name="Kruty1918" fullname="Kruty1918" runstate="Runnable" testcasecount="55" result="Passed" start-time="2026-04-13 15:45:17Z" end-time="2026-04-13 15:45:17Z" duration="0.150826" total="55" passed="55" failed="0" inconclusive="0" skipped="0" asserts="0">
        <properties />
        <test-suite type="TestSuite" id="1079" name="Moyva" fullname="Kruty1918.Moyva" runstate="Runnable" testcasecount="55" result="Passed" start-time="2026-04-13 15:45:17Z" end-time="2026-04-13 15:45:17Z" duration="0.149859" total="55" passed="55" failed="0" inconclusive="0" skipped="0" asserts="0">
          <properties />
          <test-suite type="TestSuite" id="1080" name="Tests" fullname="Kruty1918.Moyva.Tests" runstate="Runnable" testcasecount="55" result="Passed" start-time="2026-04-13 15:45:17Z" end-time="2026-04-13 15:45:17Z" duration="0.148635" total="55" passed="55" failed="0" inconclusive="0" skipped="0" asserts="0">
            <properties />
            <test-suite type="TestSuite" id="1081" name="Calendar" fullname="Kruty1918.Moyva.Tests.Calendar" runstate="Runnable" testcasecount="55" result="Passed" start-time="2026-04-13 15:45:17Z" end-time="2026-04-13 15:45:17Z" duration="0.147195" total="55" passed="55" failed="0" inconclusive="0" skipped="0" asserts="0">
              <properties />
              <test-suite type="TestFixture" id="1016" name="CalendarConfigTests" fullname="Kruty1918.Moyva.Tests.Calendar.CalendarConfigTests" classname="Kruty1918.Moyva.Tests.Calendar.CalendarConfigTests" runstate="Runnable" testcasecount="6" result="Passed" start-time="2026-04-13 15:45:17Z" end-time="2026-04-13 15:45:17Z" duration="0.011728" total="6" passed="6" failed="0" inconclusive="0" skipped="0" asserts="0">
                <properties />
                <test-case id="1020" name="BinaryRoundtrip_PreservesAllFields" fullname="Kruty1918.Moyva.Tests.Calendar.CalendarConfigTests.BinaryRoundtrip_PreservesAllFields" methodname="BinaryRoundtrip_PreservesAllFields" classname="Kruty1918.Moyva.Tests.Calendar.CalendarConfigTests" runstate="Runnable" seed="1461164210" result="Passed" start-time="2026-04-13 15:45:17Z" end-time="2026-04-13 15:45:17Z" duration="0.003795" asserts="0">
                  <properties>
                    <property name="retryIteration" value="0" />
                    <property name="repeatIteration" value="0" />
                  </properties>
                </test-case>
                <test-case id="1018" name="Default_HasExpectedHoursInDay" fullname="Kruty1918.Moyva.Tests.Calendar.CalendarConfigTests.Default_HasExpectedHoursInDay" methodname="Default_HasExpectedHoursInDay" classname="Kruty1918.Moyva.Tests.Calendar.CalendarConfigTests" runstate="Runnable" seed="1792430304" result="Passed" start-time="2026-04-13 15:45:17Z" end-time="2026-04-13 15:45:17Z" duration="0.000214" asserts="0">
                  <properties>
                    <property name="retryIteration" value="0" />
                    <property name="repeatIteration" value="0" />
                  </properties>
                </test-case>
                <test-case id="1019" name="Default_HoursPerTurn_IsOne" fullname="Kruty1918.Moyva.Tests.Calendar.CalendarConfigTests.Default_HoursPerTurn_IsOne" methodname="Default_HoursPerTurn_IsOne" classname="Kruty1918.Moyva.Tests.Calendar.CalendarConfigTests" runstate="Runnable" seed="158613062" result="Passed" start-time="2026-04-13 15:45:17Z" end-time="2026-04-13 15:45:17Z" duration="0.000215" asserts="0">
                  <properties>
                    <property name="retryIteration" value="0" />
                    <property name="repeatIteration" value="0" />
                  </properties>
                </test-case>
                <test-case id="1017" name="Default_ReturnsNonNullConfig" fullname="Kruty1918.Moyva.Tests.Calendar.CalendarConfigTests.Default_ReturnsNonNullConfig" methodname="Default_ReturnsNonNullConfig" classname="Kruty1918.Moyva.Tests.Calendar.CalendarConfigTests" runstate="Runnable" seed="669495259" result="Passed" start-time="2026-04-13 15:45:17Z" end-time="2026-04-13 15:45:17Z" duration="0.002619" asserts="0">
                  <properties>
                    <property name="retryIteration" value="0" />
                    <property name="repeatIteration" value="0" />
                  </properties>
                </test-case>
                <test-case id="1021" name="Store_LoadsDefault_WhenFileDoesNotExist" fullname="Kruty1918.Moyva.Tests.Calendar.CalendarConfigTests.Store_LoadsDefault_WhenFileDoesNotExist" methodname="Store_LoadsDefault_WhenFileDoesNotExist" classname="Kruty1918.Moyva.Tests.Calendar.CalendarConfigTests" runstate="Runnable" seed="1508804756" result="Passed" start-time="2026-04-13 15:45:17Z" end-time="2026-04-13 15:45:17Z" duration="0.000551" asserts="0">
                  <properties>
                    <property name="retryIteration" value="0" />
                    <property name="repeatIteration" value="0" />
                  </properties>
                </test-case>
                <test-case id="1022" name="Store_SaveAndLoad_RoundTrips" fullname="Kruty1918.Moyva.Tests.Calendar.CalendarConfigTests.Store_SaveAndLoad_RoundTrips" methodname="Store_SaveAndLoad_RoundTrips" classname="Kruty1918.Moyva.Tests.Calendar.CalendarConfigTests" runstate="Runnable" seed="478932020" result="Passed" start-time="2026-04-13 15:45:17Z" end-time="2026-04-13 15:45:17Z" duration="0.000955" asserts="0">
                  <properties>
                    <property name="retryIteration" value="0" />
                    <property name="repeatIteration" value="0" />
                  </properties>
                </test-case>
              </test-suite>
              <test-suite type="TestFixture" id="1054" name="CalendarSyncAdapterTests" fullname="Kruty1918.Moyva.Tests.Calendar.CalendarSyncAdapterTests" classname="Kruty1918.Moyva.Tests.Calendar.CalendarSyncAdapterTests" runstate="Runnable" testcasecount="7" result="Passed" start-time="2026-04-13 15:45:17Z" end-time="2026-04-13 15:45:17Z" duration="0.022246" total="7" passed="7" failed="0" inconclusive="0" skipped="0" asserts="0">
                <properties />
                <test-case id="1058" name="ApplyRemoteSnapshot_UpdatesProxyState" fullname="Kruty1918.Moyva.Tests.Calendar.CalendarSyncAdapterTests.ApplyRemoteSnapshot_UpdatesProxyState" methodname="ApplyRemoteSnapshot_UpdatesProxyState" classname="Kruty1918.Moyva.Tests.Calendar.CalendarSyncAdapterTests" runstate="Runnable" seed="413969003" result="Passed" start-time="2026-04-13 15:45:17Z" end-time="2026-04-13 15:45:17Z" duration="0.001519" asserts="0">
                  <properties>
                    <property name="retryIteration" value="0" />
                    <property name="repeatIteration" value="0" />
                  </properties>
                </test-case>
                <test-case id="1059" name="ApplyRemoteSnapshot_WithNullProxy_DoesNotThrow" fullname="Kruty1918.Moyva.Tests.Calendar.CalendarSyncAdapterTests.ApplyRemoteSnapshot_WithNullProxy_DoesNotThrow" methodname="ApplyRemoteSnapshot_WithNullProxy_DoesNotThrow" classname="Kruty1918.Moyva.Tests.Calendar.CalendarSyncAdapterTests" runstate="Runnable" seed="1252523266" result="Passed" start-time="2026-04-13 15:45:17Z" end-time="2026-04-13 15:45:17Z" duration="0.001739" asserts="0">
                  <properties>
                    <property name="retryIteration" value="0" />
                    <property name="repeatIteration" value="0" />
                  </properties>
                </test-case>
                <test-case id="1060" name="Default_StartYear_IsPeakUkraineYear" fullname="Kruty1918.Moyva.Tests.Calendar.CalendarSyncAdapterTests.Default_StartYear_IsPeakUkraineYear" methodname="Default_StartYear_IsPeakUkraineYear" classname="Kruty1918.Moyva.Tests.Calendar.CalendarSyncAdapterTests" runstate="Runnable" seed="1624354301" result="Passed" start-time="2026-04-13 15:45:17Z" end-time="2026-04-13 15:45:17Z" duration="0.000180" asserts="0">
                  <properties>
                    <property name="retryIteration" value="0" />
                    <property name="repeatIteration" value="0" />
                  </properties>
                </test-case>
                <test-case id="1055" name="NotifyTurnCompleted_FiresOnHostAdvanced" fullname="Kruty1918.Moyva.Tests.Calendar.CalendarSyncAdapterTests.NotifyTurnCompleted_FiresOnHostAdvanced" methodname="NotifyTurnCompleted_FiresOnHostAdvanced" classname="Kruty1918.Moyva.Tests.Calendar.CalendarSyncAdapterTests" runstate="Runnable" seed="1547759480" result="Passed" start-time="2026-04-13 15:45:17Z" end-time="2026-04-13 15:45:17Z" duration="0.001090" asserts="0">
                  <properties>
                    <property name="retryIteration" value="0" />
                    <property name="repeatIteration" value="0" />
                  </properties>
                </test-case>
                <test-case id="1057" name="NotifyTurnCompleted_MultipleAdvances_AccumulatesHours" fullname="Kruty1918.Moyva.Tests.Calendar.CalendarSyncAdapterTests.NotifyTurnCompleted_MultipleAdvances_AccumulatesHours" methodname="NotifyTurnCompleted_MultipleAdvances_AccumulatesHours" classname="Kruty1918.Moyva.Tests.Calendar.CalendarSyncAdapterTests" runstate="Runnable" seed="1989204495" result="Passed" start-time="2026-04-13 15:45:17Z" end-time="2026-04-13 15:45:17Z" duration="0.000732" asserts="0">
                  <properties>
                    <property name="retryIteration" value="0" />
                    <property name="repeatIteration" value="0" />
                  </properties>
                </test-case>
                <test-case id="1056" name="NotifyTurnCompleted_OnHostAdvanced_CarriesCorrectTotalHours" fullname="Kruty1918.Moyva.Tests.Calendar.CalendarSyncAdapterTests.NotifyTurnCompleted_OnHostAdvanced_CarriesCorrectTotalHours" methodname="NotifyTurnCompleted_OnHostAdvanced_CarriesCorrectTotalHours" classname="Kruty1918.Moyva.Tests.Calendar.CalendarSyncAdapterTests" runstate="Runnable" seed="626608035" result="Passed" start-time="2026-04-13 15:45:17Z" end-time="2026-04-13 15:45:17Z" duration="0.000296" asserts="0">
                  <properties>
                    <property name="retryIteration" value="0" />
                    <property name="repeatIteration" value="0" />
                  </properties>
                </test-case>
                <test-case id="1061" name="PeakUkraineYear_Is1054" fullname="Kruty1918.Moyva.Tests.Calendar.CalendarSyncAdapterTests.PeakUkraineYear_Is1054" methodname="PeakUkraineYear_Is1054" classname="Kruty1918.Moyva.Tests.Calendar.CalendarSyncAdapterTests" runstate="Runnable" seed="1172058685" result="Passed" start-time="2026-04-13 15:45:17Z" end-time="2026-04-13 15:45:17Z" duration="0.000150" asserts="0">
                  <properties>
                    <property name="retryIteration" value="0" />
                    <property name="repeatIteration" value="0" />
                  </properties>
                </test-case>
              </test-suite>
              <test-suite type="TestFixture" id="1042" name="DayPhaseEnumTests" fullname="Kruty1918.Moyva.Tests.Calendar.DayPhaseEnumTests" classname="Kruty1918.Moyva.Tests.Calendar.DayPhaseEnumTests" runstate="Runnable" testcasecount="4" result="Passed" start-time="2026-04-13 15:45:17Z" end-time="2026-04-13 15:45:17Z" duration="0.014756" total="4" passed="4" failed="0" inconclusive="0" skipped="0" asserts="0">
                <properties />
                <test-case id="1044" name="Dawn_IsOne" fullname="Kruty1918.Moyva.Tests.Calendar.DayPhaseEnumTests.Dawn_IsOne" methodname="Dawn_IsOne" classname="Kruty1918.Moyva.Tests.Calendar.DayPhaseEnumTests" runstate="Runnable" seed="300499539" result="Passed" start-time="2026-04-13 15:45:17Z" end-time="2026-04-13 15:45:17Z" duration="0.000208" asserts="0">
                  <properties>
                    <property name="retryIteration" value="0" />
                    <property name="repeatIteration" value="0" />
                  </properties>
                </test-case>
                <test-case id="1045" name="Day_IsTwo" fullname="Kruty1918.Moyva.Tests.Calendar.DayPhaseEnumTests.Day_IsTwo" methodname="Day_IsTwo" classname="Kruty1918.Moyva.Tests.Calendar.DayPhaseEnumTests" runstate="Runnable" seed="601346045" result="Passed" start-time="2026-04-13 15:45:17Z" end-time="2026-04-13 15:45:17Z" duration="0.000143" asserts="0">
                  <properties>
                    <property name="retryIteration" value="0" />
                    <property name="repeatIteration" value="0" />
                  </properties>
                </test-case>
                <test-case id="1046" name="Dusk_IsThree" fullname="Kruty1918.Moyva.Tests.Calendar.DayPhaseEnumTests.Dusk_IsThree" methodname="Dusk_IsThree" classname="Kruty1918.Moyva.Tests.Calendar.DayPhaseEnumTests" runstate="Runnable" seed="807110330" result="Passed" start-time="2026-04-13 15:45:17Z" end-time="2026-04-13 15:45:17Z" duration="0.000129" asserts="0">
                  <properties>
                    <property name="retryIteration" value="0" />
                    <property name="repeatIteration" value="0" />
                  </properties>
                </test-case>
                <test-case id="1043" name="Night_IsZero" fullname="Kruty1918.Moyva.Tests.Calendar.DayPhaseEnumTests.Night_IsZero" methodname="Night_IsZero" classname="Kruty1918.Moyva.Tests.Calendar.DayPhaseEnumTests" runstate="Runnable" seed="1189945090" result="Passed" start-time="2026-04-13 15:45:17Z" end-time="2026-04-13 15:45:17Z" duration="0.000152" asserts="0">
                  <properties>
                    <property name="retryIteration" value="0" />
                    <property name="repeatIteration" value="0" />
                  </properties>
                </test-case>
              </test-suite>
              <test-suite type="TestFixture" id="1023" name="GameCalendarServiceExtendedTests" fullname="Kruty1918.Moyva.Tests.Calendar.GameCalendarServiceExtendedTests" classname="Kruty1918.Moyva.Tests.Calendar.GameCalendarServiceExtendedTests" runstate="Runnable" testcasecount="18" result="Passed" start-time="2026-04-13 15:45:17Z" end-time="2026-04-13 15:45:17Z" duration="0.034418" total="18" passed="18" failed="0" inconclusive="0" skipped="0" asserts="0">
                <properties />
                <test-case id="1030" name="AdvanceTurn_24Turns_AdvancesOneDay" fullname="Kruty1918.Moyva.Tests.Calendar.GameCalendarServiceExtendedTests.AdvanceTurn_24Turns_AdvancesOneDay" methodname="AdvanceTurn_24Turns_AdvancesOneDay" classname="Kruty1918.Moyva.Tests.Calendar.GameCalendarServiceExtendedTests" runstate="Runnable" seed="1667025749" result="Passed" start-time="2026-04-13 15:45:17Z" end-time="2026-04-13 15:45:17Z" duration="0.000459" asserts="0">
                  <properties>
                    <property name="retryIteration" value="0" />
                    <property name="repeatIteration" value="0" />
                  </properties>
                </test-case>
                <test-case id="1031" name="AdvanceTurn_30Days_AdvancesOneMonth" fullname="Kruty1918.Moyva.Tests.Calendar.GameCalendarServiceExtendedTests.AdvanceTurn_30Days_AdvancesOneMonth" methodname="AdvanceTurn_30Days_AdvancesOneMonth" classname="Kruty1918.Moyva.Tests.Calendar.GameCalendarServiceExtendedTests" runstate="Runnable" seed="179685770" result="Passed" start-time="2026-04-13 15:45:17Z" end-time="2026-04-13 15:45:17Z" duration="0.000231" asserts="0">
                  <properties>
                    <property name="retryIteration" value="0" />
                    <property name="repeatIteration" value="0" />
                  </properties>
                </test-case>
                <test-case id="1032" name="AdvanceTurn_FullYear_AdvancesYear" fullname="Kruty1918.Moyva.Tests.Calendar.GameCalendarServiceExtendedTests.AdvanceTurn_FullYear_AdvancesYear" methodname="AdvanceTurn_FullYear_AdvancesYear" classname="Kruty1918.Moyva.Tests.Calendar.GameCalendarServiceExtendedTests" runstate="Runnable" seed="1726228085" result="Passed" start-time="2026-04-13 15:45:17Z" end-time="2026-04-13 15:45:17Z" duration="0.000293" asserts="0">
                  <properties>
                    <property name="retryIteration" value="0" />
                    <property name="repeatIteration" value="0" />
                  </properties>
                </test-case>
                <test-case id="1029" name="AdvanceTurn_MultipleTimes_AccumulatesCorrectly" fullname="Kruty1918.Moyva.Tests.Calendar.GameCalendarServiceExtendedTests.AdvanceTurn_MultipleTimes_AccumulatesCorrectly" methodname="AdvanceTurn_MultipleTimes_AccumulatesCorrectly" classname="Kruty1918.Moyva.Tests.Calendar.GameCalendarServiceExtendedTests" runstate="Runnable" seed="499364457" result="Passed" start-time="2026-04-13 15:45:17Z" end-time="2026-04-13 15:45:17Z" duration="0.000191" asserts="0">
                  <properties>
                    <property name="retryIteration" value="0" />
                    <property name="repeatIteration" value="0" />
                  </properties>
                </test-case>
                <test-case id="1041" name="ComputeDateTime_LargeValue_DoesNotOverflow" fullname="Kruty1918.Moyva.Tests.Calendar.GameCalendarServiceExtendedTests.ComputeDateTime_LargeValue_DoesNotOverflow" methodname="ComputeDateTime_LargeValue_DoesNotOverflow" classname="Kruty1918.Moyva.Tests.Calendar.GameCalendarServiceExtendedTests" runstate="Runnable" seed="832939088" result="Passed" start-time="2026-04-13 15:45:17Z" end-time="2026-04-13 15:45:17Z" duration="0.004975" asserts="0">
                  <properties>
                    <property name="retryIteration" value="0" />
                    <property name="repeatIteration" value="0" />
                  </properties>
                </test-case>
                <test-case id="1040" name="ComputeDayPhase_Dawn_AtBoundary" fullname="Kruty1918.Moyva.Tests.Calendar.GameCalendarServiceExtendedTests.ComputeDayPhase_Dawn_AtBoundary" methodname="ComputeDayPhase_Dawn_AtBoundary" classname="Kruty1918.Moyva.Tests.Calendar.GameCalendarServiceExtendedTests" runstate="Runnable" seed="2021606466" result="Passed" start-time="2026-04-13 15:45:17Z" end-time="2026-04-13 15:45:17Z" duration="0.000318" asserts="0">
                  <properties>
                    <property name="retryIteration" value="0" />
                    <property name="repeatIteration" value="0" />
                  </properties>
                </test-case>
                <test-case id="1039" name="ComputeDayPhase_Day_InDayRange" fullname="Kruty1918.Moyva.Tests.Calendar.GameCalendarServiceExtendedTests.ComputeDayPhase_Day_InDayRange" methodname="ComputeDayPhase_Day_InDayRange" classname="Kruty1918.Moyva.Tests.Calendar.GameCalendarServiceExtendedTests" runstate="Runnable" seed="589509979" result="Passed" start-time="2026-04-13 15:45:17Z" end-time="2026-04-13 15:45:17Z" duration="0.000250" asserts="0">
                  <properties>
                    <property name="retryIteration" value="0" />
                    <property name="repeatIteration" value="0" />
                  </properties>
                </test-case>
                <test-case id="1024" name="Constructor_NullConfig_Throws" fullname="Kruty1918.Moyva.Tests.Calendar.GameCalendarServiceExtendedTests.Constructor_NullConfig_Throws" methodname="Constructor_NullConfig_Throws" classname="Kruty1918.Moyva.Tests.Calendar.GameCalendarServiceExtendedTests" runstate="Runnable" seed="1297705159" result="Passed" start-time="2026-04-13 15:45:17Z" end-time="2026-04-13 15:45:17Z" duration="0.004163" asserts="0">
                  <properties>
                    <property name="retryIteration" value="0" />
                    <property name="repeatIteration" value="0" />
                  </properties>
                </test-case>
                <test-case id="1025" name="Initial_TotalHours_IsZero" fullname="Kruty1918.Moyva.Tests.Calendar.GameCalendarServiceExtendedTests.Initial_TotalHours_IsZero" methodname="Initial_TotalHours_IsZero" classname="Kruty1918.Moyva.Tests.Calendar.GameCalendarServiceExtendedTests" runstate="Runnable" seed="1376379720" result="Passed" start-time="2026-04-13 15:45:17Z" end-time="2026-04-13 15:45:17Z" duration="0.000191" asserts="0">
                  <properties>
                    <property name="retryIteration" value="0" />
                    <property name="repeatIteration" value="0" />
                  </properties>
                </test-case>
                <test-case id="1026" name="Initial_Year_IsStartYear" fullname="Kruty1918.Moyva.Tests.Calendar.GameCalendarServiceExtendedTests.Initial_Year_IsStartYear" methodname="Initial_Year_IsStartYear" classname="Kruty1918.Moyva.Tests.Calendar.GameCalendarServiceExtendedTests" runstate="Runnable" seed="1522369914" result="Passed" start-time="2026-04-13 15:45:17Z" end-time="2026-04-13 15:45:17Z" duration="0.000203" asserts="0">
                  <properties>
                    <property name="retryIteration" value="0" />
                    <property name="repeatIteration" value="0" />
                  </properties>
                </test-case>
                <test-case id="1034" name="OnDayChanged_DoesNotFire_WhenSameDay" fullname="Kruty1918.Moyva.Tests.Calendar.GameCalendarServiceExtendedTests.OnDayChanged_DoesNotFire_WhenSameDay" methodname="OnDayChanged_DoesNotFire_WhenSameDay" classname="Kruty1918.Moyva.Tests.Calendar.GameCalendarServiceExtendedTests" runstate="Runnable" seed="478766387" result="Passed" start-time="2026-04-13 15:45:17Z" end-time="2026-04-13 15:45:17Z" duration="0.000394" asserts="0">
                  <properties>
                    <property name="retryIteration" value="0" />
                    <property name="repeatIteration" value="0" />
                  </properties>
                </test-case>
                <test-case id="1035" name="OnDayChanged_FiresOnDayBoundary" fullname="Kruty1918.Moyva.Tests.Calendar.GameCalendarServiceExtendedTests.OnDayChanged_FiresOnDayBoundary" methodname="OnDayChanged_FiresOnDayBoundary" classname="Kruty1918.Moyva.Tests.Calendar.GameCalendarServiceExtendedTests" runstate="Runnable" seed="1838853231" result="Passed" start-time="2026-04-13 15:45:17Z" end-time="2026-04-13 15:45:17Z" duration="0.000293" asserts="0">
                  <properties>
                    <property name="retryIteration" value="0" />
                    <property name="repeatIteration" value="0" />
                  </properties>
                </test-case>
                <test-case id="1038" name="OnDayPhaseChanged_Fires_WhenPhaseChanges" fullname="Kruty1918.Moyva.Tests.Calendar.GameCalendarServiceExtendedTests.OnDayPhaseChanged_Fires_WhenPhaseChanges" methodname="OnDayPhaseChanged_Fires_WhenPhaseChanges" classname="Kruty1918.Moyva.Tests.Calendar.GameCalendarServiceExtendedTests" runstate="Runnable" seed="1166653236" result="Passed" start-time="2026-04-13 15:45:17Z" end-time="2026-04-13 15:45:17Z" duration="0.000613" asserts="0">
                  <properties>
                    <property name="retryIteration" value="0" />
                    <property name="repeatIteration" value="0" />
                  </properties>
                </test-case>
                <test-case id="1033" name="OnHourChanged_FiresOnEveryAdvance" fullname="Kruty1918.Moyva.Tests.Calendar.GameCalendarServiceExtendedTests.OnHourChanged_FiresOnEveryAdvance" methodname="OnHourChanged_FiresOnEveryAdvance" classname="Kruty1918.Moyva.Tests.Calendar.GameCalendarServiceExtendedTests" runstate="Runnable" seed="1999110369" result="Passed" start-time="2026-04-13 15:45:17Z" end-time="2026-04-13 15:45:17Z" duration="0.000413" asserts="0">
                  <properties>
                    <property name="retryIteration" value="0" />
                    <property name="repeatIteration" value="0" />
                  </properties>
                </test-case>
                <test-case id="1036" name="OnMonthChanged_Fires_WhenMonthRollsOver" fullname="Kruty1918.Moyva.Tests.Calendar.GameCalendarServiceExtendedTests.OnMonthChanged_Fires_WhenMonthRollsOver" methodname="OnMonthChanged_Fires_WhenMonthRollsOver" classname="Kruty1918.Moyva.Tests.Calendar.GameCalendarServiceExtendedTests" runstate="Runnable" seed="657357124" result="Passed" start-time="2026-04-13 15:45:17Z" end-time="2026-04-13 15:45:17Z" duration="0.000523" asserts="0">
                  <properties>
                    <property name="retryIteration" value="0" />
                    <property name="repeatIteration" value="0" />
                  </properties>
                </test-case>
                <test-case id="1037" name="OnYearChanged_Fires_WhenYearRollsOver" fullname="Kruty1918.Moyva.Tests.Calendar.GameCalendarServiceExtendedTests.OnYearChanged_Fires_WhenYearRollsOver" methodname="OnYearChanged_Fires_WhenYearRollsOver" classname="Kruty1918.Moyva.Tests.Calendar.GameCalendarServiceExtendedTests" runstate="Runnable" seed="93026287" result="Passed" start-time="2026-04-13 15:45:17Z" end-time="2026-04-13 15:45:17Z" duration="0.000400" asserts="0">
                  <properties>
                    <property name="retryIteration" value="0" />
                    <property name="repeatIteration" value="0" />
                  </properties>
                </test-case>
                <test-case id="1027" name="SetByTotalHours_Negative_Throws" fullname="Kruty1918.Moyva.Tests.Calendar.GameCalendarServiceExtendedTests.SetByTotalHours_Negative_Throws" methodname="SetByTotalHours_Negative_Throws" classname="Kruty1918.Moyva.Tests.Calendar.GameCalendarServiceExtendedTests" runstate="Runnable" seed="674529045" result="Passed" start-time="2026-04-13 15:45:17Z" end-time="2026-04-13 15:45:17Z" duration="0.000445" asserts="0">
                  <properties>
                    <property name="retryIteration" value="0" />
                    <property name="repeatIteration" value="0" />
                  </properties>
                </test-case>
                <test-case id="1028" name="SetByTotalHours_Zero_ResetsToStart" fullname="Kruty1918.Moyva.Tests.Calendar.GameCalendarServiceExtendedTests.SetByTotalHours_Zero_ResetsToStart" methodname="SetByTotalHours_Zero_ResetsToStart" classname="Kruty1918.Moyva.Tests.Calendar.GameCalendarServiceExtendedTests" runstate="Runnable" seed="1658276725" result="Passed" start-time="2026-04-13 15:45:17Z" end-time="2026-04-13 15:45:17Z" duration="0.000218" asserts="0">
                  <properties>
                    <property name="retryIteration" value="0" />
                    <property name="repeatIteration" value="0" />
                  </properties>
                </test-case>
              </test-suite>
              <test-suite type="TestFixture" id="1062" name="GameCalendarServiceTests" fullname="Kruty1918.Moyva.Tests.Calendar.GameCalendarServiceTests" classname="Kruty1918.Moyva.Tests.Calendar.GameCalendarServiceTests" runstate="Runnable" testcasecount="14" result="Passed" start-time="2026-04-13 15:45:17Z" end-time="2026-04-13 15:45:17Z" duration="0.022549" total="14" passed="14" failed="0" inconclusive="0" skipped="0" asserts="0">
                <properties />
                <test-case id="1074" name="AdvanceTurn_FiresOnDayChanged_AfterFullDay" fullname="Kruty1918.Moyva.Tests.Calendar.GameCalendarServiceTests.AdvanceTurn_FiresOnDayChanged_AfterFullDay" methodname="AdvanceTurn_FiresOnDayChanged_AfterFullDay" classname="Kruty1918.Moyva.Tests.Calendar.GameCalendarServiceTests" runstate="Runnable" seed="1847922283" result="Passed" start-time="2026-04-13 15:45:17Z" end-time="2026-04-13 15:45:17Z" duration="0.000778" asserts="0">
                  <properties>
                    <property name="retryIteration" value="0" />
                    <property name="repeatIteration" value="0" />
                  </properties>
                </test-case>
                <test-case id="1073" name="AdvanceTurn_FiresOnHourChanged" fullname="Kruty1918.Moyva.Tests.Calendar.GameCalendarServiceTests.AdvanceTurn_FiresOnHourChanged" methodname="AdvanceTurn_FiresOnHourChanged" classname="Kruty1918.Moyva.Tests.Calendar.GameCalendarServiceTests" runstate="Runnable" seed="1275467775" result="Passed" start-time="2026-04-13 15:45:17Z" end-time="2026-04-13 15:45:17Z" duration="0.000253" asserts="0">
                  <properties>
                    <property name="retryIteration" value="0" />
                    <property name="repeatIteration" value="0" />
                  </properties>
                </test-case>
                <test-case id="1072" name="AdvanceTurn_IncrementsTotalHours_ByHoursPerTurn" fullname="Kruty1918.Moyva.Tests.Calendar.GameCalendarServiceTests.AdvanceTurn_IncrementsTotalHours_ByHoursPerTurn" methodname="AdvanceTurn_IncrementsTotalHours_ByHoursPerTurn" classname="Kruty1918.Moyva.Tests.Calendar.GameCalendarServiceTests" runstate="Runnable" seed="1860125706" result="Passed" start-time="2026-04-13 15:45:17Z" end-time="2026-04-13 15:45:17Z" duration="0.000181" asserts="0">
                  <properties>
                    <property name="retryIteration" value="0" />
                    <property name="repeatIteration" value="0" />
                  </properties>
                </test-case>
                <test-case id="1064" name="ComputeDateTime_After24Hours_AdvancesOneDay" fullname="Kruty1918.Moyva.Tests.Calendar.GameCalendarServiceTests.ComputeDateTime_After24Hours_AdvancesOneDay" methodname="ComputeDateTime_After24Hours_AdvancesOneDay" classname="Kruty1918.Moyva.Tests.Calendar.GameCalendarServiceTests" runstate="Runnable" seed="1973179619" result="Passed" start-time="2026-04-13 15:45:17Z" end-time="2026-04-13 15:45:17Z" duration="0.000248" asserts="0">
                  <properties>
                    <property name="retryIteration" value="0" />
                    <property name="repeatIteration" value="0" />
                  </properties>
                </test-case>
                <test-case id="1065" name="ComputeDateTime_AfterFullMonth_AdvancesMonth" fullname="Kruty1918.Moyva.Tests.Calendar.GameCalendarServiceTests.ComputeDateTime_AfterFullMonth_AdvancesMonth" methodname="ComputeDateTime_AfterFullMonth_AdvancesMonth" classname="Kruty1918.Moyva.Tests.Calendar.GameCalendarServiceTests" runstate="Runnable" seed="337800809" result="Passed" start-time="2026-04-13 15:45:17Z" end-time="2026-04-13 15:45:17Z" duration="0.000332" asserts="0">
                  <properties>
                    <property name="retryIteration" value="0" />
                    <property name="repeatIteration" value="0" />
                  </properties>
                </test-case>
                <test-case id="1066" name="ComputeDateTime_AfterFullYear_AdvancesYear" fullname="Kruty1918.Moyva.Tests.Calendar.GameCalendarServiceTests.ComputeDateTime_AfterFullYear_AdvancesYear" methodname="ComputeDateTime_AfterFullYear_AdvancesYear" classname="Kruty1918.Moyva.Tests.Calendar.GameCalendarServiceTests" runstate="Runnable" seed="519167702" result="Passed" start-time="2026-04-13 15:45:17Z" end-time="2026-04-13 15:45:17Z" duration="0.000453" asserts="0">
                  <properties>
                    <property name="retryIteration" value="0" />
                    <property name="repeatIteration" value="0" />
                  </properties>
                </test-case>
                <test-case id="1063" name="ComputeDateTime_AtEpoch_ReturnsStartDate" fullname="Kruty1918.Moyva.Tests.Calendar.GameCalendarServiceTests.ComputeDateTime_AtEpoch_ReturnsStartDate" methodname="ComputeDateTime_AtEpoch_ReturnsStartDate" classname="Kruty1918.Moyva.Tests.Calendar.GameCalendarServiceTests" runstate="Runnable" seed="1195631646" result="Passed" start-time="2026-04-13 15:45:17Z" end-time="2026-04-13 15:45:17Z" duration="0.000311" asserts="0">
                  <properties>
                    <property name="retryIteration" value="0" />
                    <property name="repeatIteration" value="0" />
                  </properties>
                </test-case>
                <test-case id="1068" name="ComputeDayPhase_AtDawnStart_IsDawn" fullname="Kruty1918.Moyva.Tests.Calendar.GameCalendarServiceTests.ComputeDayPhase_AtDawnStart_IsDawn" methodname="ComputeDayPhase_AtDawnStart_IsDawn" classname="Kruty1918.Moyva.Tests.Calendar.GameCalendarServiceTests" runstate="Runnable" seed="81005596" result="Passed" start-time="2026-04-13 15:45:17Z" end-time="2026-04-13 15:45:17Z" duration="0.000190" asserts="0">
                  <properties>
                    <property name="retryIteration" value="0" />
                    <property name="repeatIteration" value="0" />
                  </properties>
                </test-case>
                <test-case id="1069" name="ComputeDayPhase_AtDayStart_IsDay" fullname="Kruty1918.Moyva.Tests.Calendar.GameCalendarServiceTests.ComputeDayPhase_AtDayStart_IsDay" methodname="ComputeDayPhase_AtDayStart_IsDay" classname="Kruty1918.Moyva.Tests.Calendar.GameCalendarServiceTests" runstate="Runnable" seed="1497180853" result="Passed" start-time="2026-04-13 15:45:17Z" end-time="2026-04-13 15:45:17Z" duration="0.000187" asserts="0">
                  <properties>
                    <property name="retryIteration" value="0" />
                    <property name="repeatIteration" value="0" />
                  </properties>
                </test-case>
                <test-case id="1070" name="ComputeDayPhase_AtDusk_IsDusk" fullname="Kruty1918.Moyva.Tests.Calendar.GameCalendarServiceTests.ComputeDayPhase_AtDusk_IsDusk" methodname="ComputeDayPhase_AtDusk_IsDusk" classname="Kruty1918.Moyva.Tests.Calendar.GameCalendarServiceTests" runstate="Runnable" seed="1232972428" result="Passed" start-time="2026-04-13 15:45:17Z" end-time="2026-04-13 15:45:17Z" duration="0.000159" asserts="0">
                  <properties>
                    <property name="retryIteration" value="0" />
                    <property name="repeatIteration" value="0" />
                  </properties>
                </test-case>
                <test-case id="1067" name="ComputeDayPhase_AtMidnight_IsNight" fullname="Kruty1918.Moyva.Tests.Calendar.GameCalendarServiceTests.ComputeDayPhase_AtMidnight_IsNight" methodname="ComputeDayPhase_AtMidnight_IsNight" classname="Kruty1918.Moyva.Tests.Calendar.GameCalendarServiceTests" runstate="Runnable" seed="2105657180" result="Passed" start-time="2026-04-13 15:45:17Z" end-time="2026-04-13 15:45:17Z" duration="0.000155" asserts="0">
                  <properties>
                    <property name="retryIteration" value="0" />
                    <property name="repeatIteration" value="0" />
                  </properties>
                </test-case>
                <test-case id="1071" name="ComputeDayPhase_AtNightStart_IsNight" fullname="Kruty1918.Moyva.Tests.Calendar.GameCalendarServiceTests.ComputeDayPhase_AtNightStart_IsNight" methodname="ComputeDayPhase_AtNightStart_IsNight" classname="Kruty1918.Moyva.Tests.Calendar.GameCalendarServiceTests" runstate="Runnable" seed="1586194200" result="Passed" start-time="2026-04-13 15:45:17Z" end-time="2026-04-13 15:45:17Z" duration="0.000180" asserts="0">
                  <properties>
                    <property name="retryIteration" value="0" />
                    <property name="repeatIteration" value="0" />
                  </properties>
                </test-case>
                <test-case id="1076" name="SetByTotalHours_FiresPhaseChangedEvent_WhenPhaseChanges" fullname="Kruty1918.Moyva.Tests.Calendar.GameCalendarServiceTests.SetByTotalHours_FiresPhaseChangedEvent_WhenPhaseChanges" methodname="SetByTotalHours_FiresPhaseChangedEvent_WhenPhaseChanges" classname="Kruty1918.Moyva.Tests.Calendar.GameCalendarServiceTests" runstate="Runnable" seed="190562569" result="Passed" start-time="2026-04-13 15:45:17Z" end-time="2026-04-13 15:45:17Z" duration="0.000515" asserts="0">
                  <properties>
                    <property name="retryIteration" value="0" />
                    <property name="repeatIteration" value="0" />
                  </properties>
                </test-case>
                <test-case id="1075" name="SetByTotalHours_UpdatesCurrentDateTime" fullname="Kruty1918.Moyva.Tests.Calendar.GameCalendarServiceTests.SetByTotalHours_UpdatesCurrentDateTime" methodname="SetByTotalHours_UpdatesCurrentDateTime" classname="Kruty1918.Moyva.Tests.Calendar.GameCalendarServiceTests" runstate="Runnable" seed="208858145" result="Passed" start-time="2026-04-13 15:45:17Z" end-time="2026-04-13 15:45:17Z" duration="0.000250" asserts="0">
                  <properties>
                    <property name="retryIteration" value="0" />
                    <property name="repeatIteration" value="0" />
                  </properties>
                </test-case>
              </test-suite>
              <test-suite type="TestFixture" id="1047" name="GameDateTimeTests" fullname="Kruty1918.Moyva.Tests.Calendar.GameDateTimeTests" classname="Kruty1918.Moyva.Tests.Calendar.GameDateTimeTests" runstate="Runnable" testcasecount="6" result="Passed" start-time="2026-04-13 15:45:17Z" end-time="2026-04-13 15:45:17Z" duration="0.026922" total="6" passed="6" failed="0" inconclusive="0" skipped="0" asserts="0">
                <properties />
                <test-case id="1048" name="Constructor_SetsAllFields" fullname="Kruty1918.Moyva.Tests.Calendar.GameDateTimeTests.Constructor_SetsAllFields" methodname="Constructor_SetsAllFields" classname="Kruty1918.Moyva.Tests.Calendar.GameDateTimeTests" runstate="Runnable" seed="2011474012" result="Passed" start-time="2026-04-13 15:45:17Z" end-time="2026-04-13 15:45:17Z" duration="0.000300" asserts="0">
                  <properties>
                    <property name="retryIteration" value="0" />
                    <property name="repeatIteration" value="0" />
                  </properties>
                </test-case>
                <test-case id="1049" name="Default_AllZeros" fullname="Kruty1918.Moyva.Tests.Calendar.GameDateTimeTests.Default_AllZeros" methodname="Default_AllZeros" classname="Kruty1918.Moyva.Tests.Calendar.GameDateTimeTests" runstate="Runnable" seed="768471772" result="Passed" start-time="2026-04-13 15:45:17Z" end-time="2026-04-13 15:45:17Z" duration="0.000214" asserts="0">
                  <properties>
                    <property name="retryIteration" value="0" />
                    <property name="repeatIteration" value="0" />
                  </properties>
                </test-case>
                <test-case id="1050" name="Equals_SameValues_True" fullname="Kruty1918.Moyva.Tests.Calendar.GameDateTimeTests.Equals_SameValues_True" methodname="Equals_SameValues_True" classname="Kruty1918.Moyva.Tests.Calendar.GameDateTimeTests" runstate="Runnable" seed="2031277998" result="Passed" start-time="2026-04-13 15:45:17Z" end-time="2026-04-13 15:45:17Z" duration="0.000482" asserts="0">
                  <properties>
                    <property name="retryIteration" value="0" />
                    <property name="repeatIteration" value="0" />
                  </properties>
                </test-case>
                <test-case id="1051" name="NotEquals_DifferentHour" fullname="Kruty1918.Moyva.Tests.Calendar.GameDateTimeTests.NotEquals_DifferentHour" methodname="NotEquals_DifferentHour" classname="Kruty1918.Moyva.Tests.Calendar.GameDateTimeTests" runstate="Runnable" seed="1652118976" result="Passed" start-time="2026-04-13 15:45:17Z" end-time="2026-04-13 15:45:17Z" duration="0.000381" asserts="0">
                  <properties>
                    <property name="retryIteration" value="0" />
                    <property name="repeatIteration" value="0" />
                  </properties>
                </test-case>
                <test-case id="1052" name="NotEquals_DifferentYear" fullname="Kruty1918.Moyva.Tests.Calendar.GameDateTimeTests.NotEquals_DifferentYear" methodname="NotEquals_DifferentYear" classname="Kruty1918.Moyva.Tests.Calendar.GameDateTimeTests" runstate="Runnable" seed="25372713" result="Passed" start-time="2026-04-13 15:45:17Z" end-time="2026-04-13 15:45:17Z" duration="0.000230" asserts="0">
                  <properties>
                    <property name="retryIteration" value="0" />
                    <property name="repeatIteration" value="0" />
                  </properties>
                </test-case>
                <test-case id="1053" name="ToString_ContainsYear" fullname="Kruty1918.Moyva.Tests.Calendar.GameDateTimeTests.ToString_ContainsYear" methodname="ToString_ContainsYear" classname="Kruty1918.Moyva.Tests.Calendar.GameDateTimeTests" runstate="Runnable" seed="767294039" result="Passed" start-time="2026-04-13 15:45:17Z" end-time="2026-04-13 15:45:17Z" duration="0.000312" asserts="0">
                  <properties>
                    <property name="retryIteration" value="0" />
                    <property name="repeatIteration" value="0" />
                  </properties>
                </test-case>
              </test-suite>
            </test-suite>
          </test-suite>
        </test-suite>
      </test-suite>
    </test-suite>
    <test-suite type="Assembly" id="1134" name="Kruty1918.Moyva.Tests.Construction.dll" fullname="/home/oleks/moyva/Library/ScriptAssemblies/Kruty1918.Moyva.Tests.Construction.dll" runstate="Runnable" testcasecount="48" result="Failed" site="Child" start-time="2026-04-13 15:45:17Z" end-time="2026-04-13 15:45:18Z" duration="0.835703" total="48" passed="43" failed="5" inconclusive="0" skipped="0" asserts="0">
      <properties>
        <property name="_PID" value="14038" />
        <property name="_APPDOMAIN" value="Unity Child Domain" />
        <property name="platform" value="EditMode" />
        <property name="EditorOnly" value="True" />
      </properties>
      <failure>
        <message><![CDATA[One or more child tests had errors]]></message>
      </failure>
      <test-suite type="TestSuite" id="1135" name="Kruty1918" fullname="Kruty1918" runstate="Runnable" testcasecount="48" result="Failed" site="Child" start-time="2026-04-13 15:45:17Z" end-time="2026-04-13 15:45:18Z" duration="0.821444" total="48" passed="43" failed="5" inconclusive="0" skipped="0" asserts="0">
        <properties />
        <failure>
          <message><![CDATA[One or more child tests had errors]]></message>
        </failure>
        <test-suite type="TestSuite" id="1136" name="Moyva" fullname="Kruty1918.Moyva" runstate="Runnable" testcasecount="48" result="Failed" site="Child" start-time="2026-04-13 15:45:17Z" end-time="2026-04-13 15:45:18Z" duration="0.820275" total="48" passed="43" failed="5" inconclusive="0" skipped="0" asserts="0">
          <properties />
          <failure>
            <message><![CDATA[One or more child tests had errors]]></message>
          </failure>
          <test-suite type="TestSuite" id="1137" name="Tests" fullname="Kruty1918.Moyva.Tests" runstate="Runnable" testcasecount="48" result="Failed" site="Child" start-time="2026-04-13 15:45:17Z" end-time="2026-04-13 15:45:18Z" duration="0.819168" total="48" passed="43" failed="5" inconclusive="0" skipped="0" asserts="0">
            <properties />
            <failure>
              <message><![CDATA[One or more child tests had errors]]></message>
            </failure>
            <test-suite type="TestSuite" id="1138" name="Construction" fullname="Kruty1918.Moyva.Tests.Construction" runstate="Runnable" testcasecount="48" result="Failed" site="Child" start-time="2026-04-13 15:45:17Z" end-time="2026-04-13 15:45:18Z" duration="0.818120" total="48" passed="43" failed="5" inconclusive="0" skipped="0" asserts="0">
              <properties />
              <failure>
                <message><![CDATA[One or more child tests had errors]]></message>
              </failure>
              <test-suite type="TestFixture" id="1082" name="AutoTileVariantResolverTests" fullname="Kruty1918.Moyva.Tests.Construction.AutoTileVariantResolverTests" classname="Kruty1918.Moyva.Tests.Construction.AutoTileVariantResolverTests" runstate="Runnable" testcasecount="5" result="Passed" start-time="2026-04-13 15:45:17Z" end-time="2026-04-13 15:45:17Z" duration="0.010609" total="5" passed="5" failed="0" inconclusive="0" skipped="0" asserts="0">
                <properties />
                <test-case id="1083" name="SupportedCases_ShouldContainCoreCases" fullname="Kruty1918.Moyva.Tests.Construction.AutoTileVariantResolverTests.SupportedCases_ShouldContainCoreCases" methodname="SupportedCases_ShouldContainCoreCases" classname="Kruty1918.Moyva.Tests.Construction.AutoTileVariantResolverTests" runstate="Runnable" seed="1323231178" result="Passed" start-time="2026-04-13 15:45:17Z" end-time="2026-04-13 15:45:17Z" duration="0.002076" asserts="0">
                  <properties>
                    <property name="retryIteration" value="0" />
                    <property name="repeatIteration" value="0" />
                  </properties>
                </test-case>
                <test-case id="1084" name="TryResolveId_ShouldResolveCorner_ByAtlasPositionSemantics" fullname="Kruty1918.Moyva.Tests.Construction.AutoTileVariantResolverTests.TryResolveId_ShouldResolveCorner_ByAtlasPositionSemantics" methodname="TryResolveId_ShouldResolveCorner_ByAtlasPositionSemantics" classname="Kruty1918.Moyva.Tests.Construction.AutoTileVariantResolverTests" runstate="Runnable" seed="800485410" result="Passed" start-time="2026-04-13 15:45:17Z" end-time="2026-04-13 15:45:17Z" duration="0.004242" asserts="0">
                  <properties>
                    <property name="retryIteration" value="0" />
                    <property name="repeatIteration" value="0" />
                  </properties>
                </test-case>
                <test-case id="1086" name="TryResolveId_ShouldResolveDiagonal_WhenNoCardinalConnections" fullname="Kruty1918.Moyva.Tests.Construction.AutoTileVariantResolverTests.TryResolveId_ShouldResolveDiagonal_WhenNoCardinalConnections" methodname="TryResolveId_ShouldResolveDiagonal_WhenNoCardinalConnections" classname="Kruty1918.Moyva.Tests.Construction.AutoTileVariantResolverTests" runstate="Runnable" seed="429135938" result="Passed" start-time="2026-04-13 15:45:17Z" end-time="2026-04-13 15:45:17Z" duration="0.000426" asserts="0">
                  <properties>
                    <property name="retryIteration" value="0" />
                    <property name="repeatIteration" value="0" />
                  </properties>
                </test-case>
                <test-case id="1087" name="TryResolveId_ShouldReturnFalse_WhenNoCaseIsConfigured" fullname="Kruty1918.Moyva.Tests.Construction.AutoTileVariantResolverTests.TryResolveId_ShouldReturnFalse_WhenNoCaseIsConfigured" methodname="TryResolveId_ShouldReturnFalse_WhenNoCaseIsConfigured" classname="Kruty1918.Moyva.Tests.Construction.AutoTileVariantResolverTests" runstate="Runnable" seed="987926046" result="Passed" start-time="2026-04-13 15:45:17Z" end-time="2026-04-13 15:45:17Z" duration="0.000620" asserts="0">
                  <properties>
                    <property name="retryIteration" value="0" />
                    <property name="repeatIteration" value="0" />
                  </properties>
                </test-case>
                <test-case id="1085" name="TryResolveId_ShouldUseFallback_WhenPrimaryCaseMissing" fullname="Kruty1918.Moyva.Tests.Construction.AutoTileVariantResolverTests.TryResolveId_ShouldUseFallback_WhenPrimaryCaseMissing" methodname="TryResolveId_ShouldUseFallback_WhenPrimaryCaseMissing" classname="Kruty1918.Moyva.Tests.Construction.AutoTileVariantResolverTests" runstate="Runnable" seed="1735639906" result="Passed" start-time="2026-04-13 15:45:17Z" end-time="2026-04-13 15:45:17Z" duration="0.000278" asserts="0">
                  <properties>
                    <property name="retryIteration" value="0" />
                    <property name="repeatIteration" value="0" />
                  </properties>
                </test-case>
              </test-suite>
              <test-suite type="TestFixture" id="1088" name="ConstructionServiceExtendedTests" fullname="Kruty1918.Moyva.Tests.Construction.ConstructionServiceExtendedTests" classname="Kruty1918.Moyva.Tests.Construction.ConstructionServiceExtendedTests" runstate="Runnable" testcasecount="21" result="Failed" site="Child" start-time="2026-04-13 15:45:17Z" end-time="2026-04-13 15:45:18Z" duration="0.268469" total="21" passed="19" failed="2" inconclusive="0" skipped="0" asserts="0">
                <properties />
                <failure>
                  <message><![CDATA[One or more child tests had errors]]></message>
                </failure>
                <test-case id="1093" name="Cancel_AfterSelect_ClearsSelection" fullname="Kruty1918.Moyva.Tests.Construction.ConstructionServiceExtendedTests.Cancel_AfterSelect_ClearsSelection" methodname="Cancel_AfterSelect_ClearsSelection" classname="Kruty1918.Moyva.Tests.Construction.ConstructionServiceExtendedTests" runstate="Runnable" seed="283613851" result="Passed" start-time="2026-04-13 15:45:17Z" end-time="2026-04-13 15:45:17Z" duration="0.082326" asserts="0">
                  <properties>
                    <property name="retryIteration" value="0" />
                    <property name="repeatIteration" value="0" />
                  </properties>
                  <output><![CDATA[[Construction] Initialize() почало роботу...
[Construction] ✓ GameModeChangedSignal підписано
[Construction] GameModeChanged -> active=True, state=Idle, demolish=False
[Construction] SelectBuilding('house') викликана. active=True
[Construction] ✓ SelectBuilding -> id='house', state=Placing
[Construction] ResetSession requested. pendingCount=0, redoCount=0, clearRedoHistory=False
[Construction] ResetSession completed. state=Idle, undoCount=0, redoCount=0
[Construction] Dispose() почало роботу...
[Construction] ✓ GameModeChangedSignal відписано
]]></output>
                </test-case>
                <test-case id="1094" name="Cancel_Twice_FiresTwice" fullname="Kruty1918.Moyva.Tests.Construction.ConstructionServiceExtendedTests.Cancel_Twice_FiresTwice" methodname="Cancel_Twice_FiresTwice" classname="Kruty1918.Moyva.Tests.Construction.ConstructionServiceExtendedTests" runstate="Runnable" seed="1747202974" result="Passed" start-time="2026-04-13 15:45:17Z" end-time="2026-04-13 15:45:17Z" duration="0.008108" asserts="0">
                  <properties>
                    <property name="retryIteration" value="0" />
                    <property name="repeatIteration" value="0" />
                  </properties>
                  <output><![CDATA[[Construction] Initialize() почало роботу...
[Construction] ✓ GameModeChangedSignal підписано
[Construction] GameModeChanged -> active=True, state=Idle, demolish=False
[Construction] ResetSession requested. pendingCount=0, redoCount=0, clearRedoHistory=False
[Construction] ResetSession completed. state=Idle, undoCount=0, redoCount=0
[Construction] ResetSession requested. pendingCount=0, redoCount=0, clearRedoHistory=False
[Construction] ResetSession completed. state=Idle, undoCount=0, redoCount=0
[Construction] Dispose() почало роботу...
[Construction] ✓ GameModeChangedSignal відписано
]]></output>
                </test-case>
                <test-case id="1092" name="Cancel_WithoutSelect_FiresCancelledSignal" fullname="Kruty1918.Moyva.Tests.Construction.ConstructionServiceExtendedTests.Cancel_WithoutSelect_FiresCancelledSignal" methodname="Cancel_WithoutSelect_FiresCancelledSignal" classname="Kruty1918.Moyva.Tests.Construction.ConstructionServiceExtendedTests" runstate="Runnable" seed="1193294582" result="Passed" start-time="2026-04-13 15:45:17Z" end-time="2026-04-13 15:45:17Z" duration="0.006681" asserts="0">
                  <properties>
                    <property name="retryIteration" value="0" />
                    <property name="repeatIteration" value="0" />
                  </properties>
                  <output><![CDATA[[Construction] Initialize() почало роботу...
[Construction] ✓ GameModeChangedSignal підписано
[Construction] GameModeChanged -> active=True, state=Idle, demolish=False
[Construction] ResetSession requested. pendingCount=0, redoCount=0, clearRedoHistory=False
[Construction] ResetSession completed. state=Idle, undoCount=0, redoCount=0
[Construction] Dispose() почало роботу...
[Construction] ✓ GameModeChangedSignal відписано
]]></output>
                </test-case>
                <test-case id="1107" name="Confirm_WithoutPreview_DoesNotThrow" fullname="Kruty1918.Moyva.Tests.Construction.ConstructionServiceExtendedTests.Confirm_WithoutPreview_DoesNotThrow" methodname="Confirm_WithoutPreview_DoesNotThrow" classname="Kruty1918.Moyva.Tests.Construction.ConstructionServiceExtendedTests" runstate="Runnable" seed="493400981" result="Passed" start-time="2026-04-13 15:45:17Z" end-time="2026-04-13 15:45:17Z" duration="0.007731" asserts="0">
                  <properties>
                    <property name="retryIteration" value="0" />
                    <property name="repeatIteration" value="0" />
                  </properties>
                  <output><![CDATA[[Construction] Initialize() почало роботу...
[Construction] ✓ GameModeChangedSignal підписано
[Construction] GameModeChanged -> active=True, state=Idle, demolish=False
[Construction] Confirm requested. count=0
[Construction] Confirm completed. state=Idle
[Construction] Dispose() почало роботу...
[Construction] ✓ GameModeChangedSignal відписано
]]></output>
                </test-case>
                <test-case id="1108" name="GetPlayerPlacedBuildings_Initially_Empty" fullname="Kruty1918.Moyva.Tests.Construction.ConstructionServiceExtendedTests.GetPlayerPlacedBuildings_Initially_Empty" methodname="GetPlayerPlacedBuildings_Initially_Empty" classname="Kruty1918.Moyva.Tests.Construction.ConstructionServiceExtendedTests" runstate="Runnable" seed="425712622" result="Passed" start-time="2026-04-13 15:45:17Z" end-time="2026-04-13 15:45:17Z" duration="0.005611" asserts="0">
                  <properties>
                    <property name="retryIteration" value="0" />
                    <property name="repeatIteration" value="0" />
                  </properties>
                  <output><![CDATA[[Construction] Initialize() почало роботу...
[Construction] ✓ GameModeChangedSignal підписано
[Construction] GameModeChanged -> active=True, state=Idle, demolish=False
[Construction] Dispose() почало роботу...
[Construction] ✓ GameModeChangedSignal відписано
]]></output>
                </test-case>
                <test-case id="1101" name="RedoLast_EmptyHistory_DoesNotThrow" fullname="Kruty1918.Moyva.Tests.Construction.ConstructionServiceExtendedTests.RedoLast_EmptyHistory_DoesNotThrow" methodname="RedoLast_EmptyHistory_DoesNotThrow" classname="Kruty1918.Moyva.Tests.Construction.ConstructionServiceExtendedTests" runstate="Runnable" seed="1992378844" result="Passed" start-time="2026-04-13 15:45:17Z" end-time="2026-04-13 15:45:17Z" duration="0.006100" asserts="0">
                  <properties>
                    <property name="retryIteration" value="0" />
                    <property name="repeatIteration" value="0" />
                  </properties>
                  <output><![CDATA[[Construction] Initialize() почало роботу...
[Construction] ✓ GameModeChangedSignal підписано
[Construction] GameModeChanged -> active=True, state=Idle, demolish=False
[Construction] RedoLast ignored: redo stack is empty.
[Construction] Dispose() почало роботу...
[Construction] ✓ GameModeChangedSignal відписано
]]></output>
                </test-case>
                <test-case id="1105" name="RemovePendingAt_NoPending_ReturnsFalse" fullname="Kruty1918.Moyva.Tests.Construction.ConstructionServiceExtendedTests.RemovePendingAt_NoPending_ReturnsFalse" methodname="RemovePendingAt_NoPending_ReturnsFalse" classname="Kruty1918.Moyva.Tests.Construction.ConstructionServiceExtendedTests" runstate="Runnable" seed="296783723" result="Passed" start-time="2026-04-13 15:45:17Z" end-time="2026-04-13 15:45:17Z" duration="0.006492" asserts="0">
                  <properties>
                    <property name="retryIteration" value="0" />
                    <property name="repeatIteration" value="0" />
                  </properties>
                  <output><![CDATA[[Construction] Initialize() почало роботу...
[Construction] ✓ GameModeChangedSignal підписано
[Construction] GameModeChanged -> active=True, state=Idle, demolish=False
[Construction] FindPendingPlacementIndex((0, 0)): не знайдена (повертаю -1)
[Construction] Dispose() почало роботу...
[Construction] ✓ GameModeChangedSignal відписано
]]></output>
                </test-case>
                <test-case id="1090" name="SelectBuilding_EmptyId_DoesNotThrow" fullname="Kruty1918.Moyva.Tests.Construction.ConstructionServiceExtendedTests.SelectBuilding_EmptyId_DoesNotThrow" methodname="SelectBuilding_EmptyId_DoesNotThrow" classname="Kruty1918.Moyva.Tests.Construction.ConstructionServiceExtendedTests" runstate="Runnable" seed="1406792127" result="Passed" start-time="2026-04-13 15:45:17Z" end-time="2026-04-13 15:45:18Z" duration="0.006939" asserts="0">
                  <properties>
                    <property name="retryIteration" value="0" />
                    <property name="repeatIteration" value="0" />
                  </properties>
                  <output><![CDATA[[Construction] Initialize() почало роботу...
[Construction] ✓ GameModeChangedSignal підписано
[Construction] GameModeChanged -> active=True, state=Idle, demolish=False
[Construction] SelectBuilding('') викликана. active=True
[Construction] SelectBuilding: buildingId порожня
[Construction] Dispose() почало роботу...
[Construction] ✓ GameModeChangedSignal відписано
]]></output>
                </test-case>
                <test-case id="1089" name="SelectBuilding_NullId_DoesNotThrow" fullname="Kruty1918.Moyva.Tests.Construction.ConstructionServiceExtendedTests.SelectBuilding_NullId_DoesNotThrow" methodname="SelectBuilding_NullId_DoesNotThrow" classname="Kruty1918.Moyva.Tests.Construction.ConstructionServiceExtendedTests" runstate="Runnable" seed="1706273591" result="Passed" start-time="2026-04-13 15:45:18Z" end-time="2026-04-13 15:45:18Z" duration="0.006606" asserts="0">
                  <properties>
                    <property name="retryIteration" value="0" />
                    <property name="repeatIteration" value="0" />
                  </properties>
                  <output><![CDATA[[Construction] Initialize() почало роботу...
[Construction] ✓ GameModeChangedSignal підписано
[Construction] GameModeChanged -> active=True, state=Idle, demolish=False
[Construction] SelectBuilding('') викликана. active=True
[Construction] SelectBuilding: buildingId порожня
[Construction] Dispose() почало роботу...
[Construction] ✓ GameModeChangedSignal відписано
]]></output>
                </test-case>
                <test-case id="1109" name="SelectBuilding_Twice_OverridesFirst" fullname="Kruty1918.Moyva.Tests.Construction.ConstructionServiceExtendedTests.SelectBuilding_Twice_OverridesFirst" methodname="SelectBuilding_Twice_OverridesFirst" classname="Kruty1918.Moyva.Tests.Construction.ConstructionServiceExtendedTests" runstate="Runnable" seed="2103476397" result="Failed" start-time="2026-04-13 15:45:18Z" end-time="2026-04-13 15:45:18Z" duration="0.013736" asserts="0">
                  <properties>
                    <property name="retryIteration" value="0" />
                    <property name="repeatIteration" value="0" />
                  </properties>
                  <failure>
                    <message><![CDATA[  Expected: greater than 0
  But was:  0
]]></message>
                    <stack-trace><![CDATA[at Kruty1918.Moyva.Tests.Construction.ConstructionServiceExtendedTests.SelectBuilding_Twice_OverridesFirst () [0x0002a] in /home/oleks/moyva/Assets/Moyva/Scripts/Tests/Construction/ConstructionServiceExtendedTests.cs:293
]]></stack-trace>
                  </failure>
                  <output><![CDATA[[Construction] Initialize() почало роботу...
[Construction] ✓ GameModeChangedSignal підписано
[Construction] GameModeChanged -> active=True, state=Idle, demolish=False
[Construction] SelectBuilding('house') викликана. active=True
[Construction] ✓ SelectBuilding -> id='house', state=Placing
[Construction] SelectBuilding('barracks') викликана. active=True
[Construction] ✓ SelectBuilding -> id='barracks', state=Placing
[Construction] Dispose() почало роботу...
[Construction] ✓ GameModeChangedSignal відписано
]]></output>
                </test-case>
                <test-case id="1091" name="SelectBuilding_ValidId_FiresPreviewChanged" fullname="Kruty1918.Moyva.Tests.Construction.ConstructionServiceExtendedTests.SelectBuilding_ValidId_FiresPreviewChanged" methodname="SelectBuilding_ValidId_FiresPreviewChanged" classname="Kruty1918.Moyva.Tests.Construction.ConstructionServiceExtendedTests" runstate="Runnable" seed="489474605" result="Failed" start-time="2026-04-13 15:45:18Z" end-time="2026-04-13 15:45:18Z" duration="0.009075" asserts="0">
                  <properties>
                    <property name="retryIteration" value="0" />
                    <property name="repeatIteration" value="0" />
                  </properties>
                  <failure>
                    <message><![CDATA[  Expected: greater than or equal to 1
  But was:  0
]]></message>
                    <stack-trace><![CDATA[at Kruty1918.Moyva.Tests.Construction.ConstructionServiceExtendedTests.SelectBuilding_ValidId_FiresPreviewChanged () [0x00012] in /home/oleks/moyva/Assets/Moyva/Scripts/Tests/Construction/ConstructionServiceExtendedTests.cs:151
]]></stack-trace>
                  </failure>
                  <output><![CDATA[[Construction] Initialize() почало роботу...
[Construction] ✓ GameModeChangedSignal підписано
[Construction] GameModeChanged -> active=True, state=Idle, demolish=False
[Construction] SelectBuilding('house') викликана. active=True
[Construction] ✓ SelectBuilding -> id='house', state=Placing
[Construction] Dispose() почало роботу...
[Construction] ✓ GameModeChangedSignal відписано
]]></output>
                </test-case>
                <test-case id="1095" name="ToggleDemolishMode_TogglesState" fullname="Kruty1918.Moyva.Tests.Construction.ConstructionServiceExtendedTests.ToggleDemolishMode_TogglesState" methodname="ToggleDemolishMode_TogglesState" classname="Kruty1918.Moyva.Tests.Construction.ConstructionServiceExtendedTests" runstate="Runnable" seed="1976566502" result="Passed" start-time="2026-04-13 15:45:18Z" end-time="2026-04-13 15:45:18Z" duration="0.006120" asserts="0">
                  <properties>
                    <property name="retryIteration" value="0" />
                    <property name="repeatIteration" value="0" />
                  </properties>
                  <output><![CDATA[[Construction] Initialize() почало роботу...
[Construction] ✓ GameModeChangedSignal підписано
[Construction] GameModeChanged -> active=True, state=Idle, demolish=False
[Construction] ToggleDemolishMode -> True
[Construction] Dispose() почало роботу...
[Construction] ✓ GameModeChangedSignal відписано
]]></output>
                </test-case>
                <test-case id="1096" name="ToggleDemolishMode_TwiceReturnsToOriginal" fullname="Kruty1918.Moyva.Tests.Construction.ConstructionServiceExtendedTests.ToggleDemolishMode_TwiceReturnsToOriginal" methodname="ToggleDemolishMode_TwiceReturnsToOriginal" classname="Kruty1918.Moyva.Tests.Construction.ConstructionServiceExtendedTests" runstate="Runnable" seed="1559315127" result="Passed" start-time="2026-04-13 15:45:18Z" end-time="2026-04-13 15:45:18Z" duration="0.007223" asserts="0">
                  <properties>
                    <property name="retryIteration" value="0" />
                    <property name="repeatIteration" value="0" />
                  </properties>
                  <output><![CDATA[[Construction] Initialize() почало роботу...
[Construction] ✓ GameModeChangedSignal підписано
[Construction] GameModeChanged -> active=True, state=Idle, demolish=False
[Construction] ToggleDemolishMode -> True
[Construction] ToggleDemolishMode -> False
[Construction] Dispose() почало роботу...
[Construction] ✓ GameModeChangedSignal відписано
]]></output>
                </test-case>
                <test-case id="1098" name="TryDemolishAt_EmptyTile_ReturnsFalse" fullname="Kruty1918.Moyva.Tests.Construction.ConstructionServiceExtendedTests.TryDemolishAt_EmptyTile_ReturnsFalse" methodname="TryDemolishAt_EmptyTile_ReturnsFalse" classname="Kruty1918.Moyva.Tests.Construction.ConstructionServiceExtendedTests" runstate="Runnable" seed="1125550933" result="Passed" start-time="2026-04-13 15:45:18Z" end-time="2026-04-13 15:45:18Z" duration="0.007729" asserts="0">
                  <properties>
                    <property name="retryIteration" value="0" />
                    <property name="repeatIteration" value="0" />
                  </properties>
                  <output><![CDATA[[Construction] Initialize() почало роботу...
[Construction] ✓ GameModeChangedSignal підписано
[Construction] GameModeChanged -> active=True, state=Idle, demolish=False
[Construction] ToggleDemolishMode -> True
[Construction] TryDemolishAt((0, 0)): будівля не була розміщена гравцем.
[Construction] Dispose() почало роботу...
[Construction] ✓ GameModeChangedSignal відписано
]]></output>
                </test-case>
                <test-case id="1104" name="TryDemolishByFaction_EmptyPos_ReturnsFalse" fullname="Kruty1918.Moyva.Tests.Construction.ConstructionServiceExtendedTests.TryDemolishByFaction_EmptyPos_ReturnsFalse" methodname="TryDemolishByFaction_EmptyPos_ReturnsFalse" classname="Kruty1918.Moyva.Tests.Construction.ConstructionServiceExtendedTests" runstate="Runnable" seed="305600883" result="Passed" start-time="2026-04-13 15:45:18Z" end-time="2026-04-13 15:45:18Z" duration="0.006643" asserts="0">
                  <properties>
                    <property name="retryIteration" value="0" />
                    <property name="repeatIteration" value="0" />
                  </properties>
                  <output><![CDATA[[Construction] Initialize() почало роботу...
[Construction] ✓ GameModeChangedSignal підписано
[Construction] GameModeChanged -> active=True, state=Idle, demolish=False
[Construction] TryDemolishByFaction((0, 0)): будівля не знайдена або не належить фракції 'faction1'.
[Construction] Dispose() почало роботу...
[Construction] ✓ GameModeChangedSignal відписано
]]></output>
                </test-case>
                <test-case id="1103" name="TryDirectPlace_OccupiedTile_ReturnsFalse" fullname="Kruty1918.Moyva.Tests.Construction.ConstructionServiceExtendedTests.TryDirectPlace_OccupiedTile_ReturnsFalse" methodname="TryDirectPlace_OccupiedTile_ReturnsFalse" classname="Kruty1918.Moyva.Tests.Construction.ConstructionServiceExtendedTests" runstate="Runnable" seed="1377002551" result="Passed" start-time="2026-04-13 15:45:18Z" end-time="2026-04-13 15:45:18Z" duration="0.008854" asserts="0">
                  <properties>
                    <property name="retryIteration" value="0" />
                    <property name="repeatIteration" value="0" />
                  </properties>
                  <output><![CDATA[[Construction] Initialize() почало роботу...
[Construction] ✓ GameModeChangedSignal підписано
[Construction] GameModeChanged -> active=True, state=Idle, demolish=False
Fired signal 'OnObjectsMapChangedSignal' but no subscriptions found!  If this is intentional then either add OptionalSubscriber() to the binding or change the default in ZenjectSettings
[Construction] TryDirectPlace(house,(0, 0)): тайл зайнятий.
[Construction] Dispose() почало роботу...
[Construction] ✓ GameModeChangedSignal відписано
]]></output>
                </test-case>
                <test-case id="1106" name="TryMovePendingPlacement_NoPending_ReturnsFalse" fullname="Kruty1918.Moyva.Tests.Construction.ConstructionServiceExtendedTests.TryMovePendingPlacement_NoPending_ReturnsFalse" methodname="TryMovePendingPlacement_NoPending_ReturnsFalse" classname="Kruty1918.Moyva.Tests.Construction.ConstructionServiceExtendedTests" runstate="Runnable" seed="332048840" result="Passed" start-time="2026-04-13 15:45:18Z" end-time="2026-04-13 15:45:18Z" duration="0.006551" asserts="0">
                  <properties>
                    <property name="retryIteration" value="0" />
                    <property name="repeatIteration" value="0" />
                  </properties>
                  <output><![CDATA[[Construction] Initialize() почало роботу...
[Construction] ✓ GameModeChangedSignal підписано
[Construction] GameModeChanged -> active=True, state=Idle, demolish=False
[Construction] TryMovePendingPlacement((0, 0) -> (1, 1)) ignored: state=Idle
[Construction] Dispose() почало роботу...
[Construction] ✓ GameModeChangedSignal відписано
]]></output>
                </test-case>
[...]
]]></output>
              </test-case>
              <test-case id="2053" name="TestSubscribeDeterministicOrder" fullname="Zenject.Tests.Signals.TestSignalsAdvanced.TestSubscribeDeterministicOrder" methodname="TestSubscribeDeterministicOrder" classname="Zenject.Tests.Signals.TestSignalsAdvanced" runstate="Runnable" seed="2024194225" result="Passed" start-time="2026-04-13 15:45:27Z" end-time="2026-04-13 15:45:27Z" duration="0.001303" asserts="0">
                <properties>
                  <property name="retryIteration" value="0" />
                  <property name="repeatIteration" value="0" />
                </properties>
              </test-case>
              <test-case id="2054" name="TestSubscribeUnsubscribeInsideHandler" fullname="Zenject.Tests.Signals.TestSignalsAdvanced.TestSubscribeUnsubscribeInsideHandler" methodname="TestSubscribeUnsubscribeInsideHandler" classname="Zenject.Tests.Signals.TestSignalsAdvanced" runstate="Runnable" seed="1883469625" result="Passed" start-time="2026-04-13 15:45:27Z" end-time="2026-04-13 15:45:27Z" duration="0.003443" asserts="0">
                <properties>
                  <property name="retryIteration" value="0" />
                  <property name="repeatIteration" value="0" />
                </properties>
                <output><![CDATA[Fired signal 'TestSignalsAdvanced.FooSignal' but no subscriptions found!  If this is intentional then either add OptionalSubscriber() to the binding or change the default in ZenjectSettings
Fired signal 'TestSignalsAdvanced.FooSignal' but no subscriptions found!  If this is intentional then either add OptionalSubscriber() to the binding or change the default in ZenjectSettings
]]></output>
              </test-case>
            </test-suite>
          </test-suite>
          <test-suite type="TestFixture" id="1988" name="TestArrayPool" fullname="Zenject.Tests.TestArrayPool" classname="Zenject.Tests.TestArrayPool" runstate="Runnable" testcasecount="1" result="Passed" start-time="2026-04-13 15:45:27Z" end-time="2026-04-13 15:45:27Z" duration="0.035325" total="1" passed="1" failed="0" inconclusive="0" skipped="0" asserts="0">
            <properties />
            <test-case id="1989" name="RunTest" fullname="Zenject.Tests.TestArrayPool.RunTest" methodname="RunTest" classname="Zenject.Tests.TestArrayPool" runstate="Runnable" seed="788383047" result="Passed" start-time="2026-04-13 15:45:27Z" end-time="2026-04-13 15:45:27Z" duration="0.004236" asserts="0">
              <properties>
                <property name="retryIteration" value="0" />
                <property name="repeatIteration" value="0" />
              </properties>
            </test-case>
          </test-suite>
          <test-suite type="TestFixture" id="1990" name="TestDisposeBlock" fullname="Zenject.Tests.TestDisposeBlock" classname="Zenject.Tests.TestDisposeBlock" runstate="Runnable" testcasecount="3" result="Passed" start-time="2026-04-13 15:45:27Z" end-time="2026-04-13 15:45:27Z" duration="0.020045" total="3" passed="3" failed="0" inconclusive="0" skipped="0" asserts="0">
            <properties />
            <test-case id="1991" name="TestExceptions" fullname="Zenject.Tests.TestDisposeBlock.TestExceptions" methodname="TestExceptions" classname="Zenject.Tests.TestDisposeBlock" runstate="Runnable" seed="1547819429" result="Passed" start-time="2026-04-13 15:45:27Z" end-time="2026-04-13 15:45:27Z" duration="0.001352" asserts="0">
              <properties>
                <property name="retryIteration" value="0" />
                <property name="repeatIteration" value="0" />
              </properties>
            </test-case>
            <test-case id="1993" name="TestWithNormalMemoryPool" fullname="Zenject.Tests.TestDisposeBlock.TestWithNormalMemoryPool" methodname="TestWithNormalMemoryPool" classname="Zenject.Tests.TestDisposeBlock" runstate="Runnable" seed="1737956335" result="Passed" start-time="2026-04-13 15:45:27Z" end-time="2026-04-13 15:45:27Z" duration="0.001996" asserts="0">
              <properties>
                <property name="retryIteration" value="0" />
                <property name="repeatIteration" value="0" />
              </properties>
            </test-case>
            <test-case id="1992" name="TestWithStaticMemoryPool" fullname="Zenject.Tests.TestDisposeBlock.TestWithStaticMemoryPool" methodname="TestWithStaticMemoryPool" classname="Zenject.Tests.TestDisposeBlock" runstate="Runnable" seed="956464245" result="Passed" start-time="2026-04-13 15:45:27Z" end-time="2026-04-13 15:45:27Z" duration="0.002344" asserts="0">
              <properties>
                <property name="retryIteration" value="0" />
                <property name="repeatIteration" value="0" />
              </properties>
            </test-case>
          </test-suite>
          <test-suite type="TestFixture" id="1994" name="TestPoolableStaticMemoryPool" fullname="Zenject.Tests.TestPoolableStaticMemoryPool" classname="Zenject.Tests.TestPoolableStaticMemoryPool" runstate="Runnable" testcasecount="1" result="Passed" start-time="2026-04-13 15:45:27Z" end-time="2026-04-13 15:45:27Z" duration="0.015797" total="1" passed="1" failed="0" inconclusive="0" skipped="0" asserts="0">
            <properties />
            <test-case id="1995" name="RunTest" fullname="Zenject.Tests.TestPoolableStaticMemoryPool.RunTest" methodname="RunTest" classname="Zenject.Tests.TestPoolableStaticMemoryPool" runstate="Runnable" seed="601826235" result="Passed" start-time="2026-04-13 15:45:27Z" end-time="2026-04-13 15:45:27Z" duration="0.001973" asserts="0">
              <properties>
                <property name="retryIteration" value="0" />
                <property name="repeatIteration" value="0" />
              </properties>
            </test-case>
          </test-suite>
          <test-suite type="TestFixture" id="1996" name="TestStaticMemoryPool" fullname="Zenject.Tests.TestStaticMemoryPool" classname="Zenject.Tests.TestStaticMemoryPool" runstate="Runnable" testcasecount="4" result="Passed" start-time="2026-04-13 15:45:27Z" end-time="2026-04-13 15:45:27Z" duration="0.021125" total="4" passed="4" failed="0" inconclusive="0" skipped="0" asserts="0">
            <properties />
            <test-case id="1997" name="RunTest" fullname="Zenject.Tests.TestStaticMemoryPool.RunTest" methodname="RunTest" classname="Zenject.Tests.TestStaticMemoryPool" runstate="Runnable" seed="1082726467" result="Passed" start-time="2026-04-13 15:45:27Z" end-time="2026-04-13 15:45:27Z" duration="0.002129" asserts="0">
              <properties>
                <property name="retryIteration" value="0" />
                <property name="repeatIteration" value="0" />
              </properties>
            </test-case>
            <test-case id="1998" name="TestListPool" fullname="Zenject.Tests.TestStaticMemoryPool.TestListPool" methodname="TestListPool" classname="Zenject.Tests.TestStaticMemoryPool" runstate="Runnable" seed="661815027" result="Passed" start-time="2026-04-13 15:45:27Z" end-time="2026-04-13 15:45:27Z" duration="0.001540" asserts="0">
              <properties>
                <property name="retryIteration" value="0" />
                <property name="repeatIteration" value="0" />
              </properties>
            </test-case>
            <test-case id="1999" name="TestPoolWrapper" fullname="Zenject.Tests.TestStaticMemoryPool.TestPoolWrapper" methodname="TestPoolWrapper" classname="Zenject.Tests.TestStaticMemoryPool" runstate="Runnable" seed="284211644" result="Passed" start-time="2026-04-13 15:45:27Z" end-time="2026-04-13 15:45:27Z" duration="0.000872" asserts="0">
              <properties>
                <property name="retryIteration" value="0" />
                <property name="repeatIteration" value="0" />
              </properties>
            </test-case>
            <test-case id="2000" name="TestResize" fullname="Zenject.Tests.TestStaticMemoryPool.TestResize" methodname="TestResize" classname="Zenject.Tests.TestStaticMemoryPool" runstate="Runnable" seed="485185087" result="Passed" start-time="2026-04-13 15:45:27Z" end-time="2026-04-13 15:45:27Z" duration="0.001978" asserts="0">
              <properties>
                <property name="retryIteration" value="0" />
                <property name="repeatIteration" value="0" />
              </properties>
            </test-case>
          </test-suite>
          <test-suite type="TestFixture" id="2001" name="TestTestUtil" fullname="Zenject.Tests.TestTestUtil" classname="Zenject.Tests.TestTestUtil" runstate="Runnable" testcasecount="2" result="Passed" start-time="2026-04-13 15:45:27Z" end-time="2026-04-13 15:45:27Z" duration="0.015841" total="2" passed="2" failed="0" inconclusive="0" skipped="0" asserts="0">
            <properties />
            <test-case id="2003" name="TestFalse" fullname="Zenject.Tests.TestTestUtil.TestFalse" methodname="TestFalse" classname="Zenject.Tests.TestTestUtil" runstate="Runnable" seed="115625745" result="Passed" start-time="2026-04-13 15:45:27Z" end-time="2026-04-13 15:45:27Z" duration="0.001662" asserts="0">
              <properties>
                <property name="retryIteration" value="0" />
                <property name="repeatIteration" value="0" />
              </properties>
            </test-case>
            <test-case id="2002" name="TestTrue" fullname="Zenject.Tests.TestTestUtil.TestTrue" methodname="TestTrue" classname="Zenject.Tests.TestTestUtil" runstate="Runnable" seed="278414058" result="Passed" start-time="2026-04-13 15:45:27Z" end-time="2026-04-13 15:45:27Z" duration="0.000441" asserts="0">
              <properties>
                <property name="retryIteration" value="0" />
                <property name="repeatIteration" value="0" />
              </properties>
            </test-case>
          </test-suite>
          <test-suite type="TestFixture" id="2004" name="TestValidation" fullname="Zenject.Tests.TestValidation" classname="Zenject.Tests.TestValidation" runstate="Runnable" testcasecount="13" result="Passed" start-time="2026-04-13 15:45:27Z" end-time="2026-04-13 15:45:27Z" duration="0.032502" total="13" passed="13" failed="0" inconclusive="0" skipped="0" asserts="0">
            <properties />
            <test-case id="2017" name="TestCustomValidatable" fullname="Zenject.Tests.TestValidation.TestCustomValidatable" methodname="TestCustomValidatable" classname="Zenject.Tests.TestValidation" runstate="Runnable" seed="99251334" result="Passed" start-time="2026-04-13 15:45:27Z" end-time="2026-04-13 15:45:27Z" duration="0.001861" asserts="0">
              <properties>
                <property name="retryIteration" value="0" />
                <property name="repeatIteration" value="0" />
              </properties>
            </test-case>
            <test-case id="2008" name="TestFactoryFail" fullname="Zenject.Tests.TestValidation.TestFactoryFail" methodname="TestFactoryFail" classname="Zenject.Tests.TestValidation" runstate="Runnable" seed="2070436945" result="Passed" start-time="2026-04-13 15:45:27Z" end-time="2026-04-13 15:45:27Z" duration="0.001937" asserts="0">
              <properties>
                <property name="retryIteration" value="0" />
                <property name="repeatIteration" value="0" />
              </properties>
            </test-case>
            <test-case id="2009" name="TestFactorySuccess" fullname="Zenject.Tests.TestValidation.TestFactorySuccess" methodname="TestFactorySuccess" classname="Zenject.Tests.TestValidation" runstate="Runnable" seed="1664587806" result="Passed" start-time="2026-04-13 15:45:27Z" end-time="2026-04-13 15:45:27Z" duration="0.001088" asserts="0">
              <properties>
                <property name="retryIteration" value="0" />
                <property name="repeatIteration" value="0" />
              </properties>
            </test-case>
            <test-case id="2005" name="TestFailure" fullname="Zenject.Tests.TestValidation.TestFailure" methodname="TestFailure" classname="Zenject.Tests.TestValidation" runstate="Runnable" seed="2148988" result="Passed" start-time="2026-04-13 15:45:27Z" end-time="2026-04-13 15:45:27Z" duration="0.000633" asserts="0">
              <properties>
                <property name="retryIteration" value="0" />
                <property name="repeatIteration" value="0" />
              </properties>
            </test-case>
            <test-case id="2013" name="TestLazyFail" fullname="Zenject.Tests.TestValidation.TestLazyFail" methodname="TestLazyFail" classname="Zenject.Tests.TestValidation" runstate="Runnable" seed="1887444698" result="Passed" start-time="2026-04-13 15:45:27Z" end-time="2026-04-13 15:45:27Z" duration="0.001090" asserts="0">
              <properties>
                <property name="retryIteration" value="0" />
                <property name="repeatIteration" value="0" />
              </properties>
            </test-case>
            <test-case id="2014" name="TestLazySuccess" fullname="Zenject.Tests.TestValidation.TestLazySuccess" methodname="TestLazySuccess" classname="Zenject.Tests.TestValidation" runstate="Runnable" seed="227980156" result="Passed" start-time="2026-04-13 15:45:27Z" end-time="2026-04-13 15:45:27Z" duration="0.000992" asserts="0">
              <properties>
                <property name="retryIteration" value="0" />
                <property name="repeatIteration" value="0" />
              </properties>
            </test-case>
            <test-case id="2015" name="TestMemoryPoolFailure" fullname="Zenject.Tests.TestValidation.TestMemoryPoolFailure" methodname="TestMemoryPoolFailure" classname="Zenject.Tests.TestValidation" runstate="Runnable" seed="1076913248" result="Passed" start-time="2026-04-13 15:45:27Z" end-time="2026-04-13 15:45:27Z" duration="0.001823" asserts="0">
              <properties>
                <property name="retryIteration" value="0" />
                <property name="repeatIteration" value="0" />
              </properties>
            </test-case>
            <test-case id="2016" name="TestMemoryPoolSuccess" fullname="Zenject.Tests.TestValidation.TestMemoryPoolSuccess" methodname="TestMemoryPoolSuccess" classname="Zenject.Tests.TestValidation" runstate="Runnable" seed="2093371976" result="Passed" start-time="2026-04-13 15:45:27Z" end-time="2026-04-13 15:45:27Z" duration="0.000607" asserts="0">
              <properties>
                <property name="retryIteration" value="0" />
                <property name="repeatIteration" value="0" />
              </properties>
            </test-case>
            <test-case id="2007" name="TestNumCalls" fullname="Zenject.Tests.TestValidation.TestNumCalls" methodname="TestNumCalls" classname="Zenject.Tests.TestValidation" runstate="Runnable" seed="1712347066" result="Passed" start-time="2026-04-13 15:45:27Z" end-time="2026-04-13 15:45:27Z" duration="0.001309" asserts="0">
              <properties>
                <property name="retryIteration" value="0" />
                <property name="repeatIteration" value="0" />
              </properties>
            </test-case>
            <test-case id="2012" name="TestSubContainerInstallerFailure" fullname="Zenject.Tests.TestValidation.TestSubContainerInstallerFailure" methodname="TestSubContainerInstallerFailure" classname="Zenject.Tests.TestValidation" runstate="Runnable" seed="1311182411" result="Passed" start-time="2026-04-13 15:45:27Z" end-time="2026-04-13 15:45:27Z" duration="0.001062" asserts="0">
              <properties>
                <property name="retryIteration" value="0" />
                <property name="repeatIteration" value="0" />
              </properties>
            </test-case>
            <test-case id="2011" name="TestSubContainerMethodFailure" fullname="Zenject.Tests.TestValidation.TestSubContainerMethodFailure" methodname="TestSubContainerMethodFailure" classname="Zenject.Tests.TestValidation" runstate="Runnable" seed="1565096055" result="Passed" start-time="2026-04-13 15:45:27Z" end-time="2026-04-13 15:45:27Z" duration="0.001006" asserts="0">
              <properties>
                <property name="retryIteration" value="0" />
                <property name="repeatIteration" value="0" />
              </properties>
            </test-case>
            <test-case id="2010" name="TestSubContainerMethodSuccess" fullname="Zenject.Tests.TestValidation.TestSubContainerMethodSuccess" methodname="TestSubContainerMethodSuccess" classname="Zenject.Tests.TestValidation" runstate="Runnable" seed="1414201876" result="Passed" start-time="2026-04-13 15:45:27Z" end-time="2026-04-13 15:45:27Z" duration="0.001154" asserts="0">
              <properties>
                <property name="retryIteration" value="0" />
                <property name="repeatIteration" value="0" />
              </properties>
            </test-case>
            <test-case id="2006" name="TestSuccess" fullname="Zenject.Tests.TestValidation.TestSuccess" methodname="TestSuccess" classname="Zenject.Tests.TestValidation" runstate="Runnable" seed="48756890" result="Passed" start-time="2026-04-13 15:45:27Z" end-time="2026-04-13 15:45:27Z" duration="0.000652" asserts="0">
              <properties>
                <property name="retryIteration" value="0" />
                <property name="repeatIteration" value="0" />
              </properties>
            </test-case>
          </test-suite>
          <test-suite type="TestFixture" id="2018" name="TestValidationSettings" fullname="Zenject.Tests.TestValidationSettings" classname="Zenject.Tests.TestValidationSettings" runstate="Runnable" testcasecount="3" result="Passed" start-time="2026-04-13 15:45:27Z" end-time="2026-04-13 15:45:27Z" duration="0.016561" total="3" passed="3" failed="0" inconclusive="0" skipped="0" asserts="0">
            <properties />
            <test-case id="2020" name="TestOutsideObjectGraph1" fullname="Zenject.Tests.TestValidationSettings.TestOutsideObjectGraph1" methodname="TestOutsideObjectGraph1" classname="Zenject.Tests.TestValidationSettings" runstate="Runnable" seed="1880516375" result="Passed" start-time="2026-04-13 15:45:27Z" end-time="2026-04-13 15:45:27Z" duration="0.000833" asserts="0">
              <properties>
                <property name="retryIteration" value="0" />
                <property name="repeatIteration" value="0" />
              </properties>
            </test-case>
            <test-case id="2021" name="TestOutsideObjectGraph2" fullname="Zenject.Tests.TestValidationSettings.TestOutsideObjectGraph2" methodname="TestOutsideObjectGraph2" classname="Zenject.Tests.TestValidationSettings" runstate="Runnable" seed="1855281615" result="Passed" start-time="2026-04-13 15:45:27Z" end-time="2026-04-13 15:45:27Z" duration="0.000962" asserts="0">
              <properties>
                <property name="retryIteration" value="0" />
                <property name="repeatIteration" value="0" />
              </properties>
            </test-case>
            <test-case id="2019" name="TestValidationErrorThrows" fullname="Zenject.Tests.TestValidationSettings.TestValidationErrorThrows" methodname="TestValidationErrorThrows" classname="Zenject.Tests.TestValidationSettings" runstate="Runnable" seed="39158924" result="Passed" start-time="2026-04-13 15:45:27Z" end-time="2026-04-13 15:45:27Z" duration="0.000706" asserts="0">
              <properties>
                <property name="retryIteration" value="0" />
                <property name="repeatIteration" value="0" />
              </properties>
              <output><![CDATA[Saving results to: /home/oleks/.config/unity3d/DefaultCompany/moyva_project/TestResults.xml
]]></output>
            </test-case>
          </test-suite>
        </test-suite>
      </test-suite>
    </test-suite>
  </test-suite>
</test-run>